build/app/outputs/mapping/release/configuration.txt
# The proguard configuration file for the following section is default_proguard_files/global/proguard-android.txt-7.3.0
# This is a configuration file for ProGuard.
# http://proguard.sourceforge.net/index.html#manual/usage.html
#
# Starting with version 2.2 of the Android plugin for Gradle, this file is distributed together with
# the plugin and unpacked at build-time. The files in $ANDROID_HOME are no longer maintained and
# will be ignored by new version of the Android plugin for Gradle.

# Optimization is turned off by default. Dex does not like code run
# through the ProGuard optimize steps (and performs some
# of these optimizations on its own).
# Note that if you want to enable optimization, you cannot just
# include optimization flags in your own project configuration file;
# instead you will need to point to the
# "proguard-android-optimize.txt" file instead of this one from your
# project.properties file.
-dontoptimize

-dontusemixedcaseclassnames
-dontskipnonpubliclibraryclasses
-verbose

# Preserve some attributes that may be required for reflection.
-keepattributes AnnotationDefault,
                EnclosingMethod,
                InnerClasses,
                RuntimeVisibleAnnotations,
                RuntimeVisibleParameterAnnotations,
                RuntimeVisibleTypeAnnotations,
                Signature

-keep public class com.google.vending.licensing.ILicensingService
-keep public class com.android.vending.licensing.ILicensingService
-keep public class com.google.android.vending.licensing.ILicensingService
-dontnote com.android.vending.licensing.ILicensingService
-dontnote com.google.vending.licensing.ILicensingService
-dontnote com.google.android.vending.licensing.ILicensingService

# For native methods, see http://proguard.sourceforge.net/manual/examples.html#native
-keepclasseswithmembernames,includedescriptorclasses class * {
    native <methods>;
}

# Keep setters in Views so that animations can still work.
-keepclassmembers public class * extends android.view.View {
    void set*(***);
    *** get*();
}

# We want to keep methods in Activity that could be used in the XML attribute onClick.
-keepclassmembers class * extends android.app.Activity {
    public void *(android.view.View);
}

# For enumeration classes, see http://proguard.sourceforge.net/manual/examples.html#enumerations
-keepclassmembers enum * {
    public static **[] values();
    public static ** valueOf(java.lang.String);
}

-keepclassmembers class * implements android.os.Parcelable {
    public static final ** CREATOR;
}

# Preserve annotated Javascript interface methods.
-keepclassmembers class * {
    @android.webkit.JavascriptInterface <methods>;
}

# The support libraries contains references to newer platform versions.
# Don't warn about those in case this app is linking against an older
# platform version. We know about them, and they are safe.
-dontnote android.support.**
-dontnote androidx.**
-dontwarn android.support.**
-dontwarn androidx.**

# This class is deprecated, but remains for backward compatibility.
-dontwarn android.util.FloatMath

# Understand the @Keep support annotation.
-keep class android.support.annotation.Keep
-keep class androidx.annotation.Keep

-keep @android.support.annotation.Keep class * {*;}
-keep @androidx.annotation.Keep class * {*;}

-keepclasseswithmembers class * {
    @android.support.annotation.Keep <methods>;
}

-keepclasseswithmembers class * {
    @androidx.annotation.Keep <methods>;
}

-keepclasseswithmembers class * {
    @android.support.annotation.Keep <fields>;
}

-keepclasseswithmembers class * {
    @androidx.annotation.Keep <fields>;
}

-keepclasseswithmembers class * {
    @android.support.annotation.Keep <init>(...);
}

-keepclasseswithmembers class * {
    @androidx.annotation.Keep <init>(...);
}

# These classes are duplicated between android.jar and org.apache.http.legacy.jar.
-dontnote org.apache.http.**
-dontnote android.net.http.**

# These classes are duplicated between android.jar and core-lambda-stubs.jar.
-dontnote java.lang.invoke.**

# End of content from default_proguard_files/global/proguard-android.txt-7.3.0
# The proguard configuration file for the following section is flutter_tools/gradle/flutter_proguard_rules.pro
# Build the ephemeral app in a module project.
# Prevents: Warning: library class <plugin-package> depends on program class io.flutter.plugin.**
# This is due to plugins (libraries) depending on the embedding (the program jar)
-dontwarn io.flutter.plugin.**

# The android.** package is provided by the OS at runtime.
-dontwarn android.**

# End of content from flutter_tools/gradle/flutter_proguard_rules.pro
# The proguard configuration file for the following section is aapt_proguard_file/release/aapt_rules.txt
-keep class android.app.Application { <init>(); }
-keep class androidx.core.app.CoreComponentFactory { <init>(); }
-keep class com.example.order_ihp.MainActivity { <init>(); }
-keep class com.google.android.gms.common.api.GoogleApiActivity { <init>(); }
-keep class com.google.firebase.auth.internal.GenericIdpActivity { <init>(); }
-keep class com.google.firebase.auth.internal.RecaptchaActivity { <init>(); }
-keep class com.google.firebase.components.ComponentDiscoveryService { <init>(); }
-keep class com.google.firebase.provider.FirebaseInitProvider { <init>(); }
-keep class androidx.browser.browseractions.BrowserActionsFallbackMenuView { <init>(android.content.Context, android.util.AttributeSet); }


# End of content from aapt_proguard_file/release/aapt_rules.txt
# The proguard configuration file for the following section is transformed/jetified-firebase-auth-22.3.1/proguard.txt
-dontwarn com.google.appengine.api.**
-dontwarn okio.**
-dontwarn org.apache.**
-dontwarn retrofit.android.**
-dontwarn retrofit.appengine.**
-dontwarn retrofit.client.**
-dontwarn rx.**

# This is necessary for keeping SecureTokenHttpApi and IdentityToolkitHttpApi
# Otherwise those classes get stripped out, as they are only being used
# reflectively.

-keepclasseswithmembernames interface * {
    @retrofit.http.* <methods>;
}

# This is necessary for parsing JSON responses, since the JSON converter uses reflection to figure out the class/type of response.
# We mainly need the *Response.classes to not be stripped out. All the firebase-auth classes are proguarded into "com.google.android.gms.internal.firebase-auth-api*".

-keep class com.google.android.gms.internal.** { *; }

# We keep all fields for every generated proto file as the runtime uses
# reflection over them that ProGuard cannot detect. Without this keep
# rule, fields may be removed that would cause runtime failures.
-keepclassmembers class * extends com.google.android.gms.internal.firebase-auth-api.zzaja {
  <fields>;
}

# End of content from transformed/jetified-firebase-auth-22.3.1/proguard.txt
# The proguard configuration file for the following section is transformed/jetified-firebase-firestore-24.11.0/proguard.txt
# Needed for DNS resolution.  Present in OpenJDK, but not Android
-dontwarn javax.naming.**

# Don't warn about checkerframework
#
# Guava uses the checkerframework and the annotations
# can safely be ignored at runtime.
-dontwarn org.checkerframework.**

# Guava warnings:
-dontwarn java.lang.ClassValue
-dontwarn com.google.j2objc.annotations.Weak
-dontwarn org.codehaus.mojo.animal_sniffer.IgnoreJRERequirement
-dontwarn javax.lang.model.element.Modifier

# Okhttp warnings.
-dontwarn okio.**
-dontwarn com.google.j2objc.annotations.**

# End of content from transformed/jetified-firebase-firestore-24.11.0/proguard.txt
# The proguard configuration file for the following section is transformed/jetified-firebase-auth-interop-20.0.0/proguard.txt
# Can be removed once we pull in a dependency on firebase-common that includes
# https://github.com/firebase/firebase-android-sdk/pull/1472/commits/856f1ca1151cdd88679bbc778892f23dfa34fc06#diff-a2ed34b5a38b4c6c686b09e54865eb48
-dontwarn com.google.auto.value.AutoValue
-dontwarn com.google.auto.value.AutoValue$Builder

# End of content from transformed/jetified-firebase-auth-interop-20.0.0/proguard.txt
# The proguard configuration file for the following section is transformed/jetified-firebase-common-20.4.3/proguard.txt
-dontwarn com.google.firebase.platforminfo.KotlinDetector
-dontwarn com.google.auto.value.AutoValue
-dontwarn com.google.auto.value.AutoValue$Builder

# End of content from transformed/jetified-firebase-common-20.4.3/proguard.txt
# The proguard configuration file for the following section is transformed/jetified-recaptcha-18.4.0/proguard.txt
# Proguard cannot process META-INF/versions/9.
# See https://discuss.gradle.org/t/meta-inf-version-duplicate-error-when-using-proguard/31380
-dontwarn module-info

# Ignore the warning becuse ClassValueCtorCache is never used on Android.
-dontwarn kotlinx.coroutines.internal.ClassValueCtorCache

# Ignore warning due to the usage from Guava and kotlinx.coroutines.internal.ClassValueCtorCache
-dontwarn java.lang.ClassValue

# Ignore warning to accommodate the missing injar of kotlinx.coroutines.flow for
# androidx.slidingpanelayout.widget.
-dontwarn kotlinx.coroutines.flow.**

# This prevents the SDK to be obfuscated again when building the android app.
-keep class com.google.android.recaptcha.** { *; }

# This is required for recaptcha mobile to function properly.
# See: https://cloud.google.com/recaptcha-enterprise/docs/instrument-android-apps
-keep class com.google.android.play.core.integrity.** { *; }
-keep class com.google.android.gms.tasks.** {*;}
# We keep all fields for every generated proto file as the runtime uses
# reflection over them that ProGuard cannot detect. Without this keep
# rule, fields may be removed that would cause runtime failures.
-keepclassmembers class * extends com.google.android.recaptcha.internal.zzit {
  <fields>;
}

# End of content from transformed/jetified-recaptcha-18.4.0/proguard.txt
# The proguard configuration file for the following section is transformed/jetified-window-1.0.0-beta04/proguard.txt
# Copyright (C) 2020 The Android Open Source Project
#
# Licensed under the Apache License, Version 2.0 (the "License");
# you may not use this file except in compliance with the License.
# You may obtain a copy of the License at
#
#      http://www.apache.org/licenses/LICENSE-2.0
#
# Unless required by applicable law or agreed to in writing, software
# distributed under the License is distributed on an "AS IS" BASIS,
# WITHOUT WARRANTIES OR CONDITIONS OF ANY KIND, either express or implied.
# See the License for the specific language governing permissions and
# limitations under the License.

# Some methods in androidx.window.extensions are accessed through reflection and need to be kept.
# Failure to do so can cause bugs such as b/157286362. This could be overly broad too and should
# ideally be trimmed down to only the classes/methods that actually need to be kept. This should
# be tracked in b/165268619.
-keep class androidx.window.extensions.** { *; }
-dontwarn androidx.window.extensions.**
-keep class androidx.window.extensions.embedding.** { *; }
-dontwarn androidx.window.extensions.embedding.**

# Keep the whole library for now since there is a crash with a missing method.
# TODO(b/165268619) Make a narrow rule
-keep class androidx.window.** { *; }

# We also neep to keep sidecar.** for the same reason.
-keep class androidx.window.sidecar.** { *; }
-dontwarn androidx.window.sidecar.**


# End of content from transformed/jetified-window-1.0.0-beta04/proguard.txt
# The proguard configuration file for the following section is com.android.tools/r8-from-1.6.0/coroutines.pro
# Allow R8 to optimize away the FastServiceLoader.
# Together with ServiceLoader optimization in R8
# this results in direct instantiation when loading Dispatchers.Main
-assumenosideeffects class kotlinx.coroutines.internal.MainDispatcherLoader {
    boolean FAST_SERVICE_LOADER_ENABLED return false;
}

-assumenosideeffects class kotlinx.coroutines.internal.FastServiceLoaderKt {
    boolean ANDROID_DETECTED return true;
}

# Disable support for "Missing Main Dispatcher", since we always have Android main dispatcher
-assumenosideeffects class kotlinx.coroutines.internal.MainDispatchersKt {
    boolean SUPPORT_MISSING return false;
}

# Statically turn off all debugging facilities and assertions
-assumenosideeffects class kotlinx.coroutines.DebugKt {
    boolean getASSERTIONS_ENABLED() return false;
    boolean getDEBUG() return false;
    boolean getRECOVER_STACK_TRACES() return false;
}

# End of content from com.android.tools/r8-from-1.6.0/coroutines.pro
# The proguard configuration file for the following section is com.android.tools/r8/coroutines.pro
# When editing this file, update the following files as well:
# - META-INF/proguard/coroutines.pro
# - META-INF/com.android.tools/proguard/coroutines.pro

# Most of volatile fields are updated with AFU and should not be mangled
-keepclassmembers class kotlinx.coroutines.** {
    volatile <fields>;
}

# Same story for the standard library's SafeContinuation that also uses AtomicReferenceFieldUpdater
-keepclassmembers class kotlin.coroutines.SafeContinuation {
    volatile <fields>;
}

# These classes are only required by kotlinx.coroutines.debug.AgentPremain, which is only loaded when
# kotlinx-coroutines-core is used as a Java agent, so these are not needed in contexts where ProGuard is used.
-dontwarn java.lang.instrument.ClassFileTransformer
-dontwarn sun.misc.SignalHandler
-dontwarn java.lang.instrument.Instrumentation
-dontwarn sun.misc.Signal

# Only used in `kotlinx.coroutines.internal.ExceptionsConstructor`.
# The case when it is not available is hidden in a `try`-`catch`, as well as a check for Android.
-dontwarn java.lang.ClassValue

# An annotation used for build tooling, won't be directly accessed.
-dontwarn org.codehaus.mojo.animal_sniffer.IgnoreJRERequirement
# End of content from com.android.tools/r8/coroutines.pro
# The proguard configuration file for the following section is transformed/jetified-play-services-base-18.0.1/proguard.txt
# b/35135904 Ensure that proguard will not strip the mResultGuardian.
-keepclassmembers class com.google.android.gms.common.api.internal.BasePendingResult {
  com.google.android.gms.common.api.internal.BasePendingResult$ReleasableResultGuardian mResultGuardian;
}



# End of content from transformed/jetified-play-services-base-18.0.1/proguard.txt
# The proguard configuration file for the following section is transformed/jetified-play-services-tasks-18.1.0/proguard.txt


# End of content from transformed/jetified-play-services-tasks-18.1.0/proguard.txt
# The proguard configuration file for the following section is transformed/jetified-play-services-basement-18.3.0/proguard.txt
# Needed when building against pre-Marshmallow SDK.
-dontwarn android.security.NetworkSecurityPolicy

# Needed when building against Marshmallow SDK.
-dontwarn android.app.Notification

# Protobuf has references not on the Android boot classpath
-dontwarn sun.misc.Unsafe
-dontwarn libcore.io.Memory

# Annotations used during internal SDK shrinking.
-dontwarn com.google.android.apps.common.proguard.UsedBy*
-dontwarn com.google.android.apps.common.proguard.SideEffectFree

# Annotations referenced by the SDK but whose definitions are contained in
# non-required dependencies.
-dontwarn javax.annotation.**
-dontwarn org.checkerframework.**
-dontwarn com.google.errorprone.annotations.**
-dontwarn org.jspecify.nullness.NullMarked

# Annotations no longer exist. Suppression prevents ProGuard failures in
# SDKs which depend on earlier versions of play-services-basement.
-dontwarn com.google.android.gms.common.util.VisibleForTesting

# Proguard flags for consumers of the Google Play services SDK
# https://developers.google.com/android/guides/setup#add_google_play_services_to_your_project

# Keep SafeParcelable NULL value, needed for reflection by DowngradeableSafeParcel
-keepclassmembers public class com.google.android.gms.common.internal.safeparcel.SafeParcelable {
    public static final *** NULL;
}

# Needed for Parcelable/SafeParcelable classes & their creators to not get renamed, as they are
# found via reflection.
-keep class com.google.android.gms.common.internal.ReflectedParcelable
-keepnames class * implements com.google.android.gms.common.internal.ReflectedParcelable
-keepclassmembers class * implements android.os.Parcelable {
  public static final *** CREATOR;
}

# Keep the classes/members we need for client functionality.
-keep @interface android.support.annotation.Keep
-keep @androidx.annotation.Keep class *
-keepclasseswithmembers class * {
  @androidx.annotation.Keep <fields>;
}
-keepclasseswithmembers class * {
  @androidx.annotation.Keep <methods>;
}

# Keep androidX equivalent of above android.support to allow Jetification.
-keep @interface androidx.annotation.Keep
-keep @androidx.annotation.Keep class *
-keepclasseswithmembers class * {
  @androidx.annotation.Keep <fields>;
}
-keepclasseswithmembers class * {
  @androidx.annotation.Keep <methods>;
}

# Keep the names of classes/members we need for client functionality.
-keep @interface com.google.android.gms.common.annotation.KeepName
-keepnames @com.google.android.gms.common.annotation.KeepName class *
-keepclassmembernames class * {
  @com.google.android.gms.common.annotation.KeepName *;
}

# Keep Dynamite API entry points
-keep @interface com.google.android.gms.common.util.DynamiteApi
-keep @com.google.android.gms.common.util.DynamiteApi public class * {
  public <fields>;
  public <methods>;
}



# End of content from transformed/jetified-play-services-basement-18.3.0/proguard.txt
# The proguard configuration file for the following section is transformed/core-1.6.0/proguard.txt
# Never inline methods, but allow shrinking and obfuscation.
-keepclassmembernames,allowobfuscation,allowshrinking class androidx.core.view.ViewCompat$Api* {
  <methods>;
}
-keepclassmembernames,allowobfuscation,allowshrinking class androidx.core.view.WindowInsetsCompat$*Impl* {
  <methods>;
}
-keepclassmembernames,allowobfuscation,allowshrinking class androidx.core.app.NotificationCompat$*$Api*Impl {
  <methods>;
}
-keepclassmembernames,allowobfuscation,allowshrinking class androidx.core.os.UserHandleCompat$Api*Impl {
  <methods>;
}

# End of content from transformed/core-1.6.0/proguard.txt
# The proguard configuration file for the following section is transformed/lifecycle-runtime-2.2.0/proguard.txt
-keepattributes *Annotation*

-keepclassmembers enum androidx.lifecycle.Lifecycle$Event {
    <fields>;
}

-keep !interface * implements androidx.lifecycle.LifecycleObserver {
}

-keep class * implements androidx.lifecycle.GeneratedAdapter {
    <init>(...);
}

-keepclassmembers class ** {
    @androidx.lifecycle.OnLifecycleEvent *;
}

# this rule is need to work properly when app is compiled with api 28, see b/142778206
-keepclassmembers class androidx.lifecycle.ReportFragment$LifecycleCallbacks { *; }
# End of content from transformed/lifecycle-runtime-2.2.0/proguard.txt
# The proguard configuration file for the following section is transformed/jetified-savedstate-1.0.0/proguard.txt
# Copyright (C) 2019 The Android Open Source Project
#
# Licensed under the Apache License, Version 2.0 (the "License");
# you may not use this file except in compliance with the License.
# You may obtain a copy of the License at
#
#      http://www.apache.org/licenses/LICENSE-2.0
#
# Unless required by applicable law or agreed to in writing, software
# distributed under the License is distributed on an "AS IS" BASIS,
# WITHOUT WARRANTIES OR CONDITIONS OF ANY KIND, either express or implied.
# See the License for the specific language governing permissions and
# limitations under the License.

-keepclassmembers,allowobfuscation class * implements androidx.savedstate.SavedStateRegistry$AutoRecreated {
    <init>();
}

# End of content from transformed/jetified-savedstate-1.0.0/proguard.txt