build/app/outputs/mapping/release/seeds.txt
com.example.order_ihp.MainActivity
com.example.order_ihp.MainActivity: MainActivity()
...
com.google.android.gms.tasks.zzw: com.google.android.gms.tasks.zzr zzb
com.google.android.gms.internal.firebase-auth-api.zzaiv: int[] zzb
com.google.firestore.v1.StructuredQuery: com.google.protobuf.Internal$ProtobufList orderBy_
com.google.android.gms.internal.firebase-auth-api.zzgz: com.google.android.gms.internal.firebase-auth-api.zznp zzc
com.google.android.gms.internal.firebase-auth-api.zzqq: com.google.android.gms.internal.firebase-auth-api.zzvv zzb
io.flutter.embedding.engine.renderer.FlutterRenderer$ImageReaderSurfaceProducer: android.media.ImageReader$OnImageAvailableListener onImageAvailableListener
com.google.android.gms.internal.firebase-auth-api.zzyi: java.lang.String zza
com.google.android.gms.internal.firebase-auth-api.zzia: byte[] zzh
com.google.android.recaptcha.internal.zzmo: java.lang.String zzj
com.google.android.recaptcha.internal.zznf: com.google.android.recaptcha.internal.zzlj zzr
com.google.android.gms.internal.firebase-auth-api.zzjb: com.google.android.gms.internal.firebase-auth-api.zzmx zzd
com.google.android.recaptcha.internal.zzez: com.google.android.recaptcha.internal.zzfh zzn
com.google.firebase.auth.internal.zzah: android.os.Parcelable$Creator CREATOR
com.google.android.gms.internal.firebase-auth-api.zzqq: com.google.android.gms.internal.firebase-auth-api.zzvv zzd
com.google.android.gms.internal.firebase-auth-api.zzafz: com.google.android.gms.internal.firebase-auth-api.zzaed zzi
com.google.android.gms.internal.firebase-auth-api.zzvh$zza: com.google.android.gms.internal.firebase-auth-api.zzakx zzd
com.google.android.play.core.integrity.al: com.google.android.play.core.integrity.ax a
com.google.android.gms.tasks.zzp: com.google.android.gms.tasks.SuccessContinuation zzb
com.google.android.gms.internal.firebase-auth-api.zzuo: int zze
com.google.android.gms.internal.firebase-auth-api.zzaaa: com.google.android.gms.internal.firebase-auth-api.zzyl zzc
com.google.android.gms.internal.firebase-auth-api.zzabj: com.google.android.gms.internal.firebase-auth-api.zzya zzy
com.google.android.gms.internal.firebase-auth-api.zzagj: java.lang.String zzd
com.google.firestore.v1.Value: int BYTES_VALUE_FIELD_NUMBER
kotlin.jvm.internal.FunctionReference: int flags
androidx.fragment.app.FragmentState: android.os.Parcelable$Creator CREATOR
com.google.android.gms.internal.firebase-auth-api.zzet$zza: java.lang.Integer zzc
com.google.android.gms.internal.firebase-auth-api.zzhd$zza: com.google.android.gms.internal.firebase-auth-api.zzhd$zza zzb
androidx.window.layout.ActivityCompatHelperApi24: androidx.window.layout.ActivityCompatHelperApi24 INSTANCE
com.google.android.play.core.integrity.v: com.google.android.play.core.integrity.o a
com.google.android.gms.internal.firebase-auth-api.zzxo: byte[] zzd
com.google.android.gms.internal.firebase-auth-api.zzia: javax.crypto.SecretKey zzg
androidx.window.R$attr: int clearTop
com.google.android.gms.internal.firebase-auth-api.zzus: com.google.android.gms.internal.firebase-auth-api.zzakx zzd
com.google.android.recaptcha.internal.zznf: com.google.android.recaptcha.internal.zzib zzm
com.google.android.gms.internal.firebase-auth-api.zzaix: com.google.android.gms.internal.firebase-auth-api.zzaix zzal
com.google.android.gms.internal.firebase-auth-api.zzaiz: boolean zzf
com.google.android.gms.internal.firebase-auth-api.zzajl: com.google.android.gms.internal.firebase-auth-api.zzajl zze
com.google.android.gms.internal.firebase-auth-api.zzaia: int zzi
com.google.android.gms.internal.firebase-auth-api.zzut: com.google.android.gms.internal.firebase-auth-api.zzuw zzg
com.google.android.gms.internal.common.zzh: com.google.android.gms.internal.common.zze zza
com.google.android.gms.internal.firebase-auth-api.zzkb: com.google.android.gms.internal.firebase-auth-api.zzmt zzf
com.google.android.gms.internal.firebase-auth-api.zzux$zzb: com.google.android.gms.internal.firebase-auth-api.zzux$zzb zze