build/app/outputs/mapping/release/mapping.txt
# compiler: R8
# compiler_version: 3.3.70
# min_api: 19
# common_typos_disable
# {"id":"com.android.tools.r8.mapping","version":"2.0"}
# pg_map_id: 77a47ce
# pg_map_hash: SHA-256 77a47ce3a501be9e874eeb3a7f9bf7f03347957bb7e1ff26be29530ac4346e4f
...
kotlinx.coroutines.scheduling.TaskContext -> c4.i:
    void afterTask() -> a
    int getTaskMode() -> b
kotlinx.coroutines.scheduling.TaskContextImpl -> c4.j:
    int taskMode -> a
    void afterTask() -> a
    int getTaskMode() -> b
kotlinx.coroutines.scheduling.TaskImpl -> c4.k:
    java.lang.Runnable block -> c
kotlinx.coroutines.scheduling.TasksKt -> c4.l:
    kotlinx.coroutines.scheduling.TaskContext NonBlockingContext -> g
    long IDLE_WORKER_KEEP_ALIVE_NS -> e
    kotlinx.coroutines.scheduling.TaskContext BlockingContext -> h
    long WORK_STEALING_TIME_RESOLUTION_NS -> b
    kotlinx.coroutines.scheduling.SchedulerTimeSource schedulerTimeSource -> f
    java.lang.String DEFAULT_SCHEDULER_NAME -> a
    int MAX_POOL_SIZE -> d
    int CORE_POOL_SIZE -> c
kotlinx.coroutines.scheduling.UnlimitedIoScheduler -> c4.m:
    kotlinx.coroutines.scheduling.UnlimitedIoScheduler INSTANCE -> c
    void dispatch(kotlin.coroutines.CoroutineContext,java.lang.Runnable) -> d0
    kotlinx.coroutines.CoroutineDispatcher limitedParallelism(int) -> f0
kotlinx.coroutines.scheduling.WorkQueue -> c4.n:
    java.util.concurrent.atomic.AtomicReferenceFieldUpdater lastScheduledTask$FU -> b
    java.util.concurrent.atomic.AtomicIntegerFieldUpdater blockingTasksInBuffer$FU -> e
    java.util.concurrent.atomic.AtomicIntegerFieldUpdater consumerIndex$FU -> d
    java.util.concurrent.atomic.AtomicIntegerFieldUpdater producerIndex$FU -> c
    java.util.concurrent.atomic.AtomicReferenceArray buffer -> a
    kotlinx.coroutines.scheduling.Task add(kotlinx.coroutines.scheduling.Task,boolean) -> a
    kotlinx.coroutines.scheduling.Task addLast(kotlinx.coroutines.scheduling.Task) -> b
    void decrementIfBlocking(kotlinx.coroutines.scheduling.Task) -> c
    int getBufferSize() -> d
    int getSize$kotlinx_coroutines_core() -> e
    void offloadAllWorkTo(kotlinx.coroutines.scheduling.GlobalQueue) -> f
    kotlinx.coroutines.scheduling.Task poll() -> g
    kotlinx.coroutines.scheduling.Task pollBlocking() -> h
    kotlinx.coroutines.scheduling.Task pollBuffer() -> i
    boolean pollTo(kotlinx.coroutines.scheduling.GlobalQueue) -> j
    kotlinx.coroutines.scheduling.Task pollWithExclusiveMode(boolean) -> k
    kotlinx.coroutines.scheduling.Task stealWithExclusiveMode(int) -> l
    kotlinx.coroutines.scheduling.Task tryExtractFromTheMiddle(int,boolean) -> m
    long trySteal(int,kotlin.jvm.internal.Ref$ObjectRef) -> n
    long tryStealLastScheduled(int,kotlin.jvm.internal.Ref$ObjectRef) -> o
kotlinx.coroutines.selects.SelectImplementation -> d4.a:
    java.util.List clauses -> b
    java.lang.Object internalResult -> e
    java.util.concurrent.atomic.AtomicReferenceFieldUpdater state$FU -> f
    java.lang.Object disposableHandleOrSegment -> c
    int indexInSegment -> d
    kotlin.coroutines.CoroutineContext context -> a
    boolean trySelect(java.lang.Object,java.lang.Object) -> a
    void invokeOnCancellation(kotlinx.coroutines.internal.Segment,int) -> b
    void selectInRegistrationPhase(java.lang.Object) -> d
    void invoke(java.lang.Throwable) -> e
    kotlinx.coroutines.selects.SelectImplementation$ClauseData findClause(java.lang.Object) -> f
    kotlinx.coroutines.selects.TrySelectDetailedResult trySelectDetailed(java.lang.Object,java.lang.Object) -> g
    int trySelectInternal(java.lang.Object,java.lang.Object) -> h
kotlinx.coroutines.selects.SelectImplementation$ClauseData -> d4.a$a:
    java.lang.Object disposableHandleOrSegment -> d
    kotlinx.coroutines.selects.SelectImplementation this$0 -> f
    java.lang.Object param -> b
    java.lang.Object clauseObject -> a
    int indexInSegment -> e
    kotlin.jvm.functions.Function3 onCancellationConstructor -> c
    kotlin.jvm.functions.Function1 createOnCancellationAction(kotlinx.coroutines.selects.SelectInstance,java.lang.Object) -> a
    void dispose() -> b