build/app/outputs/mapping/release/usage.txt
com.example.order_ihp.BuildConfig
com.example.order_ihp.R$attr
com.example.order_ihp.R$color
com.example.order_ihp.R$dimen
com.example.order_ihp.R$drawable
com.example.order_ihp.R$id
com.example.order_ihp.R$integer
com.example.order_ihp.R$layout
com.example.order_ihp.R$mipmap
com.example.order_ihp.R$raw
com.example.order_ihp.R$string
com.example.order_ihp.R$style
com.example.order_ihp.R$styleable
com.example.order_ihp.R$xml
com.example.order_ihp.R
...
com.google.gson.stream.package-info
com.google.j2objc.annotations.AutoreleasePool
com.google.j2objc.annotations.J2ObjCIncompatible
com.google.j2objc.annotations.LoopTranslation$LoopStyle
com.google.j2objc.annotations.LoopTranslation
com.google.j2objc.annotations.ObjectiveCName
com.google.j2objc.annotations.OnDealloc
com.google.j2objc.annotations.Property
com.google.j2objc.annotations.ReflectionSupport$Level
com.google.j2objc.annotations.ReflectionSupport
com.google.j2objc.annotations.RetainedLocalRef
com.google.j2objc.annotations.RetainedWith
com.google.j2objc.annotations.Weak
com.google.j2objc.annotations.WeakOuter
com.google.logging.type.HttpRequest$1
com.google.logging.type.HttpRequest$Builder
com.google.logging.type.HttpRequest
com.google.logging.type.HttpRequestOrBuilder
com.google.logging.type.HttpRequestProto
com.google.logging.type.LogSeverity$1
com.google.logging.type.LogSeverity$LogSeverityVerifier
com.google.logging.type.LogSeverity
com.google.logging.type.LogSeverityProto
com.google.longrunning.CancelOperationRequest$1
com.google.longrunning.CancelOperationRequest$Builder
com.google.longrunning.CancelOperationRequest
com.google.longrunning.CancelOperationRequestOrBuilder
com.google.longrunning.DeleteOperationRequest$1
com.google.longrunning.DeleteOperationRequest$Builder
com.google.longrunning.DeleteOperationRequest
com.google.longrunning.DeleteOperationRequestOrBuilder
com.google.longrunning.GetOperationRequest$1
com.google.longrunning.GetOperationRequest$Builder
com.google.longrunning.GetOperationRequest
com.google.longrunning.GetOperationRequestOrBuilder
com.google.longrunning.ListOperationsRequest$1
com.google.longrunning.ListOperationsRequest$Builder
com.google.longrunning.ListOperationsRequest
com.google.longrunning.ListOperationsRequestOrBuilder
com.google.longrunning.ListOperationsResponse$1
com.google.longrunning.ListOperationsResponse$Builder
com.google.longrunning.ListOperationsResponse
com.google.longrunning.ListOperationsResponseOrBuilder
com.google.longrunning.Operation$1
com.google.longrunning.Operation$Builder
com.google.longrunning.Operation$ResultCase
com.google.longrunning.Operation
com.google.longrunning.OperationInfo$1
com.google.longrunning.OperationInfo$Builder
com.google.longrunning.OperationInfo
com.google.longrunning.OperationInfoOrBuilder
com.google.longrunning.OperationOrBuilder
com.google.longrunning.OperationsProto
com.google.longrunning.WaitOperationRequest$1
com.google.longrunning.WaitOperationRequest$Builder
com.google.longrunning.WaitOperationRequest
com.google.longrunning.WaitOperationRequestOrBuilder
com.google.protobuf.AbstractMessageLite$Builder$LimitedInputStream